janv. 02, 2026 8:54:32 AM inpt_cde.systemmonitor.pkg_server.ServerLogger saveLogs
INFO: Metrics : 
Timestamp;02/01/2026 08:54:32
CPU Usage: 7,79%
RAM Usage: 65,29%
Disk Usage:76,62%

janv. 02, 2026 8:54:32 AM inpt_cde.systemmonitor.pkg_server.ServerLogger saveLogs
INFO: Alert [id=0, severity=1, message=RAM Usage too hight, threshold=2.0, value=65.29103170852466, timesptamp=Fri Jan 02 08:54:32 GMT+01:00 2026]
janv. 02, 2026 8:54:33 AM inpt_cde.systemmonitor.pkg_server.ServerLogger saveLogs
INFO: Alert [id=0, severity=1, message=RAM Usage too hight, threshold=2.0, value=65.29103170852466, timesptamp=Fri Jan 02 08:54:32 GMT+01:00 2026]Alert [id=0, severity=1, message=Disk Usage too hight, threshold=3.0, value=76.62043605178799, timesptamp=Fri Jan 02 08:54:32 GMT+01:00 2026]
janv. 02, 2026 8:55:31 AM inpt_cde.systemmonitor.pkg_server.ServerLogger saveLogs
INFO: Metrics : 
Timestamp;02/01/2026 08:55:31
CPU Usage: 5,54%
RAM Usage: 65,54%
Disk Usage:76,62%

janv. 02, 2026 8:55:32 AM inpt_cde.systemmonitor.pkg_server.ServerLogger saveLogs
INFO: Alert [id=0, severity=1, message=RAM Usage too hight, threshold=2.0, value=65.29103170852466, timesptamp=Fri Jan 02 08:54:32 GMT+01:00 2026]Alert [id=0, severity=1, message=Disk Usage too hight, threshold=3.0, value=76.62043605178799, timesptamp=Fri Jan 02 08:54:32 GMT+01:00 2026]Alert [id=0, severity=1, message=RAM Usage too hight, threshold=2.0, value=65.54001776472643, timesptamp=Fri Jan 02 08:55:31 GMT+01:00 2026]
janv. 02, 2026 8:55:32 AM inpt_cde.systemmonitor.pkg_server.ServerLogger saveLogs
INFO: Alert [id=0, severity=1, message=RAM Usage too hight, threshold=2.0, value=65.29103170852466, timesptamp=Fri Jan 02 08:54:32 GMT+01:00 2026]Alert [id=0, severity=1, message=Disk Usage too hight, threshold=3.0, value=76.62043605178799, timesptamp=Fri Jan 02 08:54:32 GMT+01:00 2026]Alert [id=0, severity=1, message=RAM Usage too hight, threshold=2.0, value=65.54001776472643, timesptamp=Fri Jan 02 08:55:31 GMT+01:00 2026]Alert [id=0, severity=1, message=Disk Usage too hight, threshold=3.0, value=76.62065673226968, timesptamp=Fri Jan 02 08:55:32 GMT+01:00 2026]
janv. 02, 2026 8:55:58 AM inpt_cde.systemmonitor.pkg_server.ServerLogger saveLogs
INFO: Metrics : 
Timestamp;02/01/2026 08:55:58
CPU Usage: 7,91%
RAM Usage: 65,52%
Disk Usage:76,62%

janv. 02, 2026 8:55:58 AM inpt_cde.systemmonitor.pkg_server.ServerLogger saveLogs
INFO: Alert [id=0, severity=1, message=RAM Usage too hight, threshold=2.0, value=65.29103170852466, timesptamp=Fri Jan 02 08:54:32 GMT+01:00 2026]Alert [id=0, severity=1, message=Disk Usage too hight, threshold=3.0, value=76.62043605178799, timesptamp=Fri Jan 02 08:54:32 GMT+01:00 2026]Alert [id=0, severity=1, message=RAM Usage too hight, threshold=2.0, value=65.54001776472643, timesptamp=Fri Jan 02 08:55:31 GMT+01:00 2026]Alert [id=0, severity=1, message=Disk Usage too hight, threshold=3.0, value=76.62065673226968, timesptamp=Fri Jan 02 08:55:32 GMT+01:00 2026]Alert [id=0, severity=1, message=RAM Usage too hight, threshold=2.0, value=65.52472054013518, timesptamp=Fri Jan 02 08:55:58 GMT+01:00 2026]
janv. 02, 2026 7:45:37 PM inpt_cde.systemmonitor.pkg_server.ServerLogger saveLogs
INFOS: Alert [id=0, severity=1, message=RAM Usage too hight, threshold=2.0, value=86.66175361386172, timesptamp=Fri Jan 02 19:45:37 WEST 2026]
janv. 02, 2026 7:45:37 PM inpt_cde.systemmonitor.pkg_server.ServerLogger saveLogs
INFOS: Metrics : 
Timestamp;02/01/2026 19:45:37
CPU Usage: 9,25%
RAM Usage: 86,66%
Disk Usage:79,57%

janv. 02, 2026 7:46:37 PM inpt_cde.systemmonitor.pkg_server.ServerLogger saveLogs
INFOS: Metrics : 
Timestamp;02/01/2026 19:46:37
CPU Usage: 28,34%
RAM Usage: 88,28%
Disk Usage:79,57%

janv. 02, 2026 7:46:37 PM inpt_cde.systemmonitor.pkg_server.ServerLogger saveLogs
INFOS: Alert [id=0, severity=1, message=RAM Usage too hight, threshold=2.0, value=86.66175361386172, timesptamp=Fri Jan 02 19:45:37 WEST 2026]Alert [id=0, severity=1, message=RAM Usage too hight, threshold=2.0, value=88.27614124680825, timesptamp=Fri Jan 02 19:46:37 WEST 2026]
janv. 02, 2026 7:47:37 PM inpt_cde.systemmonitor.pkg_server.ServerLogger saveLogs
INFOS: Metrics : 
Timestamp;02/01/2026 19:47:37
CPU Usage: 11,84%
RAM Usage: 87,60%
Disk Usage:79,57%

janv. 02, 2026 7:47:37 PM inpt_cde.systemmonitor.pkg_server.ServerLogger saveLogs
INFOS: Alert [id=0, severity=1, message=RAM Usage too hight, threshold=2.0, value=86.66175361386172, timesptamp=Fri Jan 02 19:45:37 WEST 2026]Alert [id=0, severity=1, message=RAM Usage too hight, threshold=2.0, value=88.27614124680825, timesptamp=Fri Jan 02 19:46:37 WEST 2026]Alert [id=0, severity=1, message=RAM Usage too hight, threshold=2.0, value=87.60378453347252, timesptamp=Fri Jan 02 19:47:37 WEST 2026]
janv. 02, 2026 7:48:37 PM inpt_cde.systemmonitor.pkg_server.ServerLogger saveLogs
INFOS: Metrics : 
Timestamp;02/01/2026 19:48:37
CPU Usage: 19,64%
RAM Usage: 88,33%
Disk Usage:79,58%

janv. 02, 2026 7:48:37 PM inpt_cde.systemmonitor.pkg_server.ServerLogger saveLogs
INFOS: Alert [id=0, severity=1, message=RAM Usage too hight, threshold=2.0, value=86.66175361386172, timesptamp=Fri Jan 02 19:45:37 WEST 2026]Alert [id=0, severity=1, message=RAM Usage too hight, threshold=2.0, value=88.27614124680825, timesptamp=Fri Jan 02 19:46:37 WEST 2026]Alert [id=0, severity=1, message=RAM Usage too hight, threshold=2.0, value=87.60378453347252, timesptamp=Fri Jan 02 19:47:37 WEST 2026]Alert [id=0, severity=1, message=RAM Usage too hight, threshold=2.0, value=88.3281879732026, timesptamp=Fri Jan 02 19:48:37 WEST 2026]
janv. 02, 2026 7:49:37 PM inpt_cde.systemmonitor.pkg_server.ServerLogger saveLogs
INFOS: Metrics : 
Timestamp;02/01/2026 19:49:37
CPU Usage: 5,25%
RAM Usage: 88,38%
Disk Usage:79,58%

janv. 02, 2026 7:49:37 PM inpt_cde.systemmonitor.pkg_server.ServerLogger saveLogs
INFOS: Alert [id=0, severity=1, message=RAM Usage too hight, threshold=2.0, value=86.66175361386172, timesptamp=Fri Jan 02 19:45:37 WEST 2026]Alert [id=0, severity=1, message=RAM Usage too hight, threshold=2.0, value=88.27614124680825, timesptamp=Fri Jan 02 19:46:37 WEST 2026]Alert [id=0, severity=1, message=RAM Usage too hight, threshold=2.0, value=87.60378453347252, timesptamp=Fri Jan 02 19:47:37 WEST 2026]Alert [id=0, severity=1, message=RAM Usage too hight, threshold=2.0, value=88.3281879732026, timesptamp=Fri Jan 02 19:48:37 WEST 2026]Alert [id=0, severity=1, message=RAM Usage too hight, threshold=2.0, value=88.3787024597886, timesptamp=Fri Jan 02 19:49:37 WEST 2026]
janv. 02, 2026 7:50:37 PM inpt_cde.systemmonitor.pkg_server.ServerLogger saveLogs
INFOS: Metrics : 
Timestamp;02/01/2026 19:50:37
CPU Usage: 22,24%
RAM Usage: 89,74%
Disk Usage:79,58%

janv. 02, 2026 7:50:37 PM inpt_cde.systemmonitor.pkg_server.ServerLogger saveLogs
INFOS: Alert [id=0, severity=1, message=RAM Usage too hight, threshold=2.0, value=86.66175361386172, timesptamp=Fri Jan 02 19:45:37 WEST 2026]Alert [id=0, severity=1, message=RAM Usage too hight, threshold=2.0, value=88.27614124680825, timesptamp=Fri Jan 02 19:46:37 WEST 2026]Alert [id=0, severity=1, message=RAM Usage too hight, threshold=2.0, value=87.60378453347252, timesptamp=Fri Jan 02 19:47:37 WEST 2026]Alert [id=0, severity=1, message=RAM Usage too hight, threshold=2.0, value=88.3281879732026, timesptamp=Fri Jan 02 19:48:37 WEST 2026]Alert [id=0, severity=1, message=RAM Usage too hight, threshold=2.0, value=88.3787024597886, timesptamp=Fri Jan 02 19:49:37 WEST 2026]Alert [id=0, severity=1, message=RAM Usage too hight, threshold=2.0, value=89.73582208619887, timesptamp=Fri Jan 02 19:50:37 WEST 2026]
janv. 02, 2026 7:51:37 PM inpt_cde.systemmonitor.pkg_server.ServerLogger saveLogs
INFOS: Metrics : 
Timestamp;02/01/2026 19:51:37
CPU Usage: 15,21%
RAM Usage: 89,40%
Disk Usage:79,59%

janv. 02, 2026 7:51:37 PM inpt_cde.systemmonitor.pkg_server.ServerLogger saveLogs
INFOS: Alert [id=0, severity=1, message=RAM Usage too hight, threshold=2.0, value=86.66175361386172, timesptamp=Fri Jan 02 19:45:37 WEST 2026]Alert [id=0, severity=1, message=RAM Usage too hight, threshold=2.0, value=88.27614124680825, timesptamp=Fri Jan 02 19:46:37 WEST 2026]Alert [id=0, severity=1, message=RAM Usage too hight, threshold=2.0, value=87.60378453347252, timesptamp=Fri Jan 02 19:47:37 WEST 2026]Alert [id=0, severity=1, message=RAM Usage too hight, threshold=2.0, value=88.3281879732026, timesptamp=Fri Jan 02 19:48:37 WEST 2026]Alert [id=0, severity=1, message=RAM Usage too hight, threshold=2.0, value=88.3787024597886, timesptamp=Fri Jan 02 19:49:37 WEST 2026]Alert [id=0, severity=1, message=RAM Usage too hight, threshold=2.0, value=89.73582208619887, timesptamp=Fri Jan 02 19:50:37 WEST 2026]Alert [id=0, severity=1, message=RAM Usage too hight, threshold=2.0, value=89.39872932835505, timesptamp=Fri Jan 02 19:51:37 WEST 2026]
janv. 02, 2026 7:52:37 PM inpt_cde.systemmonitor.pkg_server.ServerLogger saveLogs
INFOS: Metrics : 
Timestamp;02/01/2026 19:52:37
CPU Usage: 39,07%
RAM Usage: 91,36%
Disk Usage:79,60%

janv. 02, 2026 7:52:37 PM inpt_cde.systemmonitor.pkg_server.ServerLogger saveLogs
INFOS: Alert [id=0, severity=1, message=RAM Usage too hight, threshold=2.0, value=86.66175361386172, timesptamp=Fri Jan 02 19:45:37 WEST 2026]Alert [id=0, severity=1, message=RAM Usage too hight, threshold=2.0, value=88.27614124680825, timesptamp=Fri Jan 02 19:46:37 WEST 2026]Alert [id=0, severity=1, message=RAM Usage too hight, threshold=2.0, value=87.60378453347252, timesptamp=Fri Jan 02 19:47:37 WEST 2026]Alert [id=0, severity=1, message=RAM Usage too hight, threshold=2.0, value=88.3281879732026, timesptamp=Fri Jan 02 19:48:37 WEST 2026]Alert [id=0, severity=1, message=RAM Usage too hight, threshold=2.0, value=88.3787024597886, timesptamp=Fri Jan 02 19:49:37 WEST 2026]Alert [id=0, severity=1, message=RAM Usage too hight, threshold=2.0, value=89.73582208619887, timesptamp=Fri Jan 02 19:50:37 WEST 2026]Alert [id=0, severity=1, message=RAM Usage too hight, threshold=2.0, value=89.39872932835505, timesptamp=Fri Jan 02 19:51:37 WEST 2026]Alert [id=0, severity=3, message=CPU Usage too hight, threshold=1.0, value=39.073673706968236, timesptamp=Fri Jan 02 19:52:37 WEST 2026]
janv. 02, 2026 7:52:37 PM inpt_cde.systemmonitor.pkg_server.ServerLogger saveLogs
INFOS: Alert [id=0, severity=1, message=RAM Usage too hight, threshold=2.0, value=86.66175361386172, timesptamp=Fri Jan 02 19:45:37 WEST 2026]Alert [id=0, severity=1, message=RAM Usage too hight, threshold=2.0, value=88.27614124680825, timesptamp=Fri Jan 02 19:46:37 WEST 2026]Alert [id=0, severity=1, message=RAM Usage too hight, threshold=2.0, value=87.60378453347252, timesptamp=Fri Jan 02 19:47:37 WEST 2026]Alert [id=0, severity=1, message=RAM Usage too hight, threshold=2.0, value=88.3281879732026, timesptamp=Fri Jan 02 19:48:37 WEST 2026]Alert [id=0, severity=1, message=RAM Usage too hight, threshold=2.0, value=88.3787024597886, timesptamp=Fri Jan 02 19:49:37 WEST 2026]Alert [id=0, severity=1, message=RAM Usage too hight, threshold=2.0, value=89.73582208619887, timesptamp=Fri Jan 02 19:50:37 WEST 2026]Alert [id=0, severity=1, message=RAM Usage too hight, threshold=2.0, value=89.39872932835505, timesptamp=Fri Jan 02 19:51:37 WEST 2026]Alert [id=0, severity=3, message=CPU Usage too hight, threshold=1.0, value=39.073673706968236, timesptamp=Fri Jan 02 19:52:37 WEST 2026]Alert [id=0, severity=1, message=RAM Usage too hight, threshold=2.0, value=91.36118253325701, timesptamp=Fri Jan 02 19:52:37 WEST 2026]
janv. 02, 2026 7:53:37 PM inpt_cde.systemmonitor.pkg_server.ServerLogger saveLogs
INFOS: Metrics : 
Timestamp;02/01/2026 19:53:37
CPU Usage: 24,36%
RAM Usage: 91,03%
Disk Usage:79,60%

janv. 02, 2026 7:54:37 PM inpt_cde.systemmonitor.pkg_server.ServerLogger saveLogs
INFOS: Metrics : 
Timestamp;02/01/2026 19:54:37
CPU Usage: 31,89%
RAM Usage: 92,71%
Disk Usage:79,61%

janv. 02, 2026 7:54:37 PM inpt_cde.systemmonitor.pkg_server.ServerLogger saveLogs
INFOS: Alert [id=0, severity=1, message=RAM Usage too hight, threshold=2.0, value=86.66175361386172, timesptamp=Fri Jan 02 19:45:37 WEST 2026]Alert [id=0, severity=1, message=RAM Usage too hight, threshold=2.0, value=88.27614124680825, timesptamp=Fri Jan 02 19:46:37 WEST 2026]Alert [id=0, severity=1, message=RAM Usage too hight, threshold=2.0, value=87.60378453347252, timesptamp=Fri Jan 02 19:47:37 WEST 2026]Alert [id=0, severity=1, message=RAM Usage too hight, threshold=2.0, value=88.3281879732026, timesptamp=Fri Jan 02 19:48:37 WEST 2026]Alert [id=0, severity=1, message=RAM Usage too hight, threshold=2.0, value=88.3787024597886, timesptamp=Fri Jan 02 19:49:37 WEST 2026]Alert [id=0, severity=1, message=RAM Usage too hight, threshold=2.0, value=89.73582208619887, timesptamp=Fri Jan 02 19:50:37 WEST 2026]Alert [id=0, severity=1, message=RAM Usage too hight, threshold=2.0, value=89.39872932835505, timesptamp=Fri Jan 02 19:51:37 WEST 2026]Alert [id=0, severity=3, message=CPU Usage too hight, threshold=1.0, value=39.073673706968236, timesptamp=Fri Jan 02 19:52:37 WEST 2026]Alert [id=0, severity=1, message=RAM Usage too hight, threshold=2.0, value=91.36118253325701, timesptamp=Fri Jan 02 19:52:37 WEST 2026]Alert [id=0, severity=1, message=RAM Usage too hight, threshold=2.0, value=91.02730253630172, timesptamp=Fri Jan 02 19:53:37 WEST 2026]Alert [id=0, severity=3, message=CPU Usage too hight, threshold=1.0, value=31.89109155219215, timesptamp=Fri Jan 02 19:54:37 WEST 2026]
janv. 02, 2026 7:54:37 PM inpt_cde.systemmonitor.pkg_server.ServerLogger saveLogs
INFOS: Alert [id=0, severity=1, message=RAM Usage too hight, threshold=2.0, value=86.66175361386172, timesptamp=Fri Jan 02 19:45:37 WEST 2026]Alert [id=0, severity=1, message=RAM Usage too hight, threshold=2.0, value=88.27614124680825, timesptamp=Fri Jan 02 19:46:37 WEST 2026]Alert [id=0, severity=1, message=RAM Usage too hight, threshold=2.0, value=87.60378453347252, timesptamp=Fri Jan 02 19:47:37 WEST 2026]Alert [id=0, severity=1, message=RAM Usage too hight, threshold=2.0, value=88.3281879732026, timesptamp=Fri Jan 02 19:48:37 WEST 2026]Alert [id=0, severity=1, message=RAM Usage too hight, threshold=2.0, value=88.3787024597886, timesptamp=Fri Jan 02 19:49:37 WEST 2026]Alert [id=0, severity=1, message=RAM Usage too hight, threshold=2.0, value=89.73582208619887, timesptamp=Fri Jan 02 19:50:37 WEST 2026]Alert [id=0, severity=1, message=RAM Usage too hight, threshold=2.0, value=89.39872932835505, timesptamp=Fri Jan 02 19:51:37 WEST 2026]Alert [id=0, severity=3, message=CPU Usage too hight, threshold=1.0, value=39.073673706968236, timesptamp=Fri Jan 02 19:52:37 WEST 2026]Alert [id=0, severity=1, message=RAM Usage too hight, threshold=2.0, value=91.36118253325701, timesptamp=Fri Jan 02 19:52:37 WEST 2026]Alert [id=0, severity=1, message=RAM Usage too hight, threshold=2.0, value=91.02730253630172, timesptamp=Fri Jan 02 19:53:37 WEST 2026]Alert [id=0, severity=3, message=CPU Usage too hight, threshold=1.0, value=31.89109155219215, timesptamp=Fri Jan 02 19:54:37 WEST 2026]Alert [id=0, severity=1, message=RAM Usage too hight, threshold=2.0, value=92.71237090879615, timesptamp=Fri Jan 02 19:54:37 WEST 2026]
janv. 02, 2026 7:59:09 PM inpt_cde.systemmonitor.pkg_server.ServerLogger saveLogs
INFOS: Metrics : 
Timestamp;02/01/2026 19:59:09
CPU Usage: 18,28%
RAM Usage: 87,06%
Disk Usage:79,60%

janv. 02, 2026 7:59:09 PM inpt_cde.systemmonitor.pkg_server.ServerLogger saveLogs
INFOS: Alert [id=0, severity=1, message=RAM Usage too hight, threshold=2.0, value=86.66175361386172, timesptamp=Fri Jan 02 19:45:37 WEST 2026]Alert [id=0, severity=1, message=RAM Usage too hight, threshold=2.0, value=88.27614124680825, timesptamp=Fri Jan 02 19:46:37 WEST 2026]Alert [id=0, severity=1, message=RAM Usage too hight, threshold=2.0, value=87.60378453347252, timesptamp=Fri Jan 02 19:47:37 WEST 2026]Alert [id=0, severity=1, message=RAM Usage too hight, threshold=2.0, value=88.3281879732026, timesptamp=Fri Jan 02 19:48:37 WEST 2026]Alert [id=0, severity=1, message=RAM Usage too hight, threshold=2.0, value=88.3787024597886, timesptamp=Fri Jan 02 19:49:37 WEST 2026]Alert [id=0, severity=1, message=RAM Usage too hight, threshold=2.0, value=89.73582208619887, timesptamp=Fri Jan 02 19:50:37 WEST 2026]Alert [id=0, severity=1, message=RAM Usage too hight, threshold=2.0, value=89.39872932835505, timesptamp=Fri Jan 02 19:51:37 WEST 2026]Alert [id=0, severity=3, message=CPU Usage too hight, threshold=1.0, value=39.073673706968236, timesptamp=Fri Jan 02 19:52:37 WEST 2026]Alert [id=0, severity=1, message=RAM Usage too hight, threshold=2.0, value=91.36118253325701, timesptamp=Fri Jan 02 19:52:37 WEST 2026]Alert [id=0, severity=1, message=RAM Usage too hight, threshold=2.0, value=91.02730253630172, timesptamp=Fri Jan 02 19:53:37 WEST 2026]Alert [id=0, severity=3, message=CPU Usage too hight, threshold=1.0, value=31.89109155219215, timesptamp=Fri Jan 02 19:54:37 WEST 2026]Alert [id=0, severity=1, message=RAM Usage too hight, threshold=2.0, value=92.71237090879615, timesptamp=Fri Jan 02 19:54:37 WEST 2026]Alert [id=0, severity=1, message=RAM Usage too hight, threshold=2.0, value=87.05623122388396, timesptamp=Fri Jan 02 19:59:09 WEST 2026]
janv. 02, 2026 7:59:10 PM inpt_cde.systemmonitor.pkg_server.ServerLogger saveLogs
INFOS: Metrics : 
Timestamp;02/01/2026 19:59:10
CPU Usage: 37,89%
RAM Usage: 87,43%
Disk Usage:79,60%

janv. 02, 2026 7:59:10 PM inpt_cde.systemmonitor.pkg_server.ServerLogger saveLogs
INFOS: Alert [id=0, severity=1, message=RAM Usage too hight, threshold=2.0, value=86.66175361386172, timesptamp=Fri Jan 02 19:45:37 WEST 2026]Alert [id=0, severity=1, message=RAM Usage too hight, threshold=2.0, value=88.27614124680825, timesptamp=Fri Jan 02 19:46:37 WEST 2026]Alert [id=0, severity=1, message=RAM Usage too hight, threshold=2.0, value=87.60378453347252, timesptamp=Fri Jan 02 19:47:37 WEST 2026]Alert [id=0, severity=1, message=RAM Usage too hight, threshold=2.0, value=88.3281879732026, timesptamp=Fri Jan 02 19:48:37 WEST 2026]Alert [id=0, severity=1, message=RAM Usage too hight, threshold=2.0, value=88.3787024597886, timesptamp=Fri Jan 02 19:49:37 WEST 2026]Alert [id=0, severity=1, message=RAM Usage too hight, threshold=2.0, value=89.73582208619887, timesptamp=Fri Jan 02 19:50:37 WEST 2026]Alert [id=0, severity=1, message=RAM Usage too hight, threshold=2.0, value=89.39872932835505, timesptamp=Fri Jan 02 19:51:37 WEST 2026]Alert [id=0, severity=3, message=CPU Usage too hight, threshold=1.0, value=39.073673706968236, timesptamp=Fri Jan 02 19:52:37 WEST 2026]Alert [id=0, severity=1, message=RAM Usage too hight, threshold=2.0, value=91.36118253325701, timesptamp=Fri Jan 02 19:52:37 WEST 2026]Alert [id=0, severity=1, message=RAM Usage too hight, threshold=2.0, value=91.02730253630172, timesptamp=Fri Jan 02 19:53:37 WEST 2026]Alert [id=0, severity=3, message=CPU Usage too hight, threshold=1.0, value=31.89109155219215, timesptamp=Fri Jan 02 19:54:37 WEST 2026]Alert [id=0, severity=1, message=RAM Usage too hight, threshold=2.0, value=92.71237090879615, timesptamp=Fri Jan 02 19:54:37 WEST 2026]Alert [id=0, severity=1, message=RAM Usage too hight, threshold=2.0, value=87.05623122388396, timesptamp=Fri Jan 02 19:59:09 WEST 2026]Alert [id=0, severity=3, message=CPU Usage too hight, threshold=1.0, value=37.88753298153034, timesptamp=Fri Jan 02 19:59:10 WEST 2026]
janv. 02, 2026 7:59:10 PM inpt_cde.systemmonitor.pkg_server.ServerLogger saveLogs
INFOS: Alert [id=0, severity=1, message=RAM Usage too hight, threshold=2.0, value=86.66175361386172, timesptamp=Fri Jan 02 19:45:37 WEST 2026]Alert [id=0, severity=1, message=RAM Usage too hight, threshold=2.0, value=88.27614124680825, timesptamp=Fri Jan 02 19:46:37 WEST 2026]Alert [id=0, severity=1, message=RAM Usage too hight, threshold=2.0, value=87.60378453347252, timesptamp=Fri Jan 02 19:47:37 WEST 2026]Alert [id=0, severity=1, message=RAM Usage too hight, threshold=2.0, value=88.3281879732026, timesptamp=Fri Jan 02 19:48:37 WEST 2026]Alert [id=0, severity=1, message=RAM Usage too hight, threshold=2.0, value=88.3787024597886, timesptamp=Fri Jan 02 19:49:37 WEST 2026]Alert [id=0, severity=1, message=RAM Usage too hight, threshold=2.0, value=89.73582208619887, timesptamp=Fri Jan 02 19:50:37 WEST 2026]Alert [id=0, severity=1, message=RAM Usage too hight, threshold=2.0, value=89.39872932835505, timesptamp=Fri Jan 02 19:51:37 WEST 2026]Alert [id=0, severity=3, message=CPU Usage too hight, threshold=1.0, value=39.073673706968236, timesptamp=Fri Jan 02 19:52:37 WEST 2026]Alert [id=0, severity=1, message=RAM Usage too hight, threshold=2.0, value=91.36118253325701, timesptamp=Fri Jan 02 19:52:37 WEST 2026]Alert [id=0, severity=1, message=RAM Usage too hight, threshold=2.0, value=91.02730253630172, timesptamp=Fri Jan 02 19:53:37 WEST 2026]Alert [id=0, severity=3, message=CPU Usage too hight, threshold=1.0, value=31.89109155219215, timesptamp=Fri Jan 02 19:54:37 WEST 2026]Alert [id=0, severity=1, message=RAM Usage too hight, threshold=2.0, value=92.71237090879615, timesptamp=Fri Jan 02 19:54:37 WEST 2026]Alert [id=0, severity=1, message=RAM Usage too hight, threshold=2.0, value=87.05623122388396, timesptamp=Fri Jan 02 19:59:09 WEST 2026]Alert [id=0, severity=3, message=CPU Usage too hight, threshold=1.0, value=37.88753298153034, timesptamp=Fri Jan 02 19:59:10 WEST 2026]Alert [id=0, severity=1, message=RAM Usage too hight, threshold=2.0, value=87.43360706056103, timesptamp=Fri Jan 02 19:59:10 WEST 2026]
janv. 02, 2026 7:59:11 PM inpt_cde.systemmonitor.pkg_server.ServerLogger saveLogs
INFOS: Metrics : 
Timestamp;02/01/2026 19:59:11
CPU Usage: 23,93%
RAM Usage: 87,56%
Disk Usage:79,60%

janv. 02, 2026 7:59:11 PM inpt_cde.systemmonitor.pkg_server.ServerLogger saveLogs
INFOS: Alert [id=0, severity=1, message=RAM Usage too hight, threshold=2.0, value=86.66175361386172, timesptamp=Fri Jan 02 19:45:37 WEST 2026]Alert [id=0, severity=1, message=RAM Usage too hight, threshold=2.0, value=88.27614124680825, timesptamp=Fri Jan 02 19:46:37 WEST 2026]Alert [id=0, severity=1, message=RAM Usage too hight, threshold=2.0, value=87.60378453347252, timesptamp=Fri Jan 02 19:47:37 WEST 2026]Alert [id=0, severity=1, message=RAM Usage too hight, threshold=2.0, value=88.3281879732026, timesptamp=Fri Jan 02 19:48:37 WEST 2026]Alert [id=0, severity=1, message=RAM Usage too hight, threshold=2.0, value=88.3787024597886, timesptamp=Fri Jan 02 19:49:37 WEST 2026]Alert [id=0, severity=1, message=RAM Usage too hight, threshold=2.0, value=89.73582208619887, timesptamp=Fri Jan 02 19:50:37 WEST 2026]Alert [id=0, severity=1, message=RAM Usage too hight, threshold=2.0, value=89.39872932835505, timesptamp=Fri Jan 02 19:51:37 WEST 2026]Alert [id=0, severity=3, message=CPU Usage too hight, threshold=1.0, value=39.073673706968236, timesptamp=Fri Jan 02 19:52:37 WEST 2026]Alert [id=0, severity=1, message=RAM Usage too hight, threshold=2.0, value=91.36118253325701, timesptamp=Fri Jan 02 19:52:37 WEST 2026]Alert [id=0, severity=1, message=RAM Usage too hight, threshold=2.0, value=91.02730253630172, timesptamp=Fri Jan 02 19:53:37 WEST 2026]Alert [id=0, severity=3, message=CPU Usage too hight, threshold=1.0, value=31.89109155219215, timesptamp=Fri Jan 02 19:54:37 WEST 2026]Alert [id=0, severity=1, message=RAM Usage too hight, threshold=2.0, value=92.71237090879615, timesptamp=Fri Jan 02 19:54:37 WEST 2026]Alert [id=0, severity=1, message=RAM Usage too hight, threshold=2.0, value=87.05623122388396, timesptamp=Fri Jan 02 19:59:09 WEST 2026]Alert [id=0, severity=3, message=CPU Usage too hight, threshold=1.0, value=37.88753298153034, timesptamp=Fri Jan 02 19:59:10 WEST 2026]Alert [id=0, severity=1, message=RAM Usage too hight, threshold=2.0, value=87.43360706056103, timesptamp=Fri Jan 02 19:59:10 WEST 2026]Alert [id=0, severity=1, message=RAM Usage too hight, threshold=2.0, value=87.56211749610267, timesptamp=Fri Jan 02 19:59:11 WEST 2026]
janv. 02, 2026 7:59:12 PM inpt_cde.systemmonitor.pkg_server.ServerLogger saveLogs
INFOS: Metrics : 
Timestamp;02/01/2026 19:59:12
CPU Usage: 25,61%
RAM Usage: 87,65%
Disk Usage:79,60%

janv. 02, 2026 7:59:12 PM inpt_cde.systemmonitor.pkg_server.ServerLogger saveLogs
INFOS: Alert [id=0, severity=1, message=RAM Usage too hight, threshold=2.0, value=86.66175361386172, timesptamp=Fri Jan 02 19:45:37 WEST 2026]Alert [id=0, severity=1, message=RAM Usage too hight, threshold=2.0, value=88.27614124680825, timesptamp=Fri Jan 02 19:46:37 WEST 2026]Alert [id=0, severity=1, message=RAM Usage too hight, threshold=2.0, value=87.60378453347252, timesptamp=Fri Jan 02 19:47:37 WEST 2026]Alert [id=0, severity=1, message=RAM Usage too hight, threshold=2.0, value=88.3281879732026, timesptamp=Fri Jan 02 19:48:37 WEST 2026]Alert [id=0, severity=1, message=RAM Usage too hight, threshold=2.0, value=88.3787024597886, timesptamp=Fri Jan 02 19:49:37 WEST 2026]Alert [id=0, severity=1, message=RAM Usage too hight, threshold=2.0, value=89.73582208619887, timesptamp=Fri Jan 02 19:50:37 WEST 2026]Alert [id=0, severity=1, message=RAM Usage too hight, threshold=2.0, value=89.39872932835505, timesptamp=Fri Jan 02 19:51:37 WEST 2026]Alert [id=0, severity=3, message=CPU Usage too hight, threshold=1.0, value=39.073673706968236, timesptamp=Fri Jan 02 19:52:37 WEST 2026]Alert [id=0, severity=1, message=RAM Usage too hight, threshold=2.0, value=91.36118253325701, timesptamp=Fri Jan 02 19:52:37 WEST 2026]Alert [id=0, severity=1, message=RAM Usage too hight, threshold=2.0, value=91.02730253630172, timesptamp=Fri Jan 02 19:53:37 WEST 2026]Alert [id=0, severity=3, message=CPU Usage too hight, threshold=1.0, value=31.89109155219215, timesptamp=Fri Jan 02 19:54:37 WEST 2026]Alert [id=0, severity=1, message=RAM Usage too hight, threshold=2.0, value=92.71237090879615, timesptamp=Fri Jan 02 19:54:37 WEST 2026]Alert [id=0, severity=1, message=RAM Usage too hight, threshold=2.0, value=87.05623122388396, timesptamp=Fri Jan 02 19:59:09 WEST 2026]Alert [id=0, severity=3, message=CPU Usage too hight, threshold=1.0, value=37.88753298153034, timesptamp=Fri Jan 02 19:59:10 WEST 2026]Alert [id=0, severity=1, message=RAM Usage too hight, threshold=2.0, value=87.43360706056103, timesptamp=Fri Jan 02 19:59:10 WEST 2026]Alert [id=0, severity=1, message=RAM Usage too hight, threshold=2.0, value=87.56211749610267, timesptamp=Fri Jan 02 19:59:11 WEST 2026]Alert [id=0, severity=1, message=RAM Usage too hight, threshold=2.0, value=87.64693438356015, timesptamp=Fri Jan 02 19:59:12 WEST 2026]
janv. 02, 2026 7:59:37 PM inpt_cde.systemmonitor.pkg_server.ServerLogger saveLogs
INFOS: Metrics : 
Timestamp;02/01/2026 19:59:37
CPU Usage: 4,49%
RAM Usage: 86,65%
Disk Usage:79,60%

janv. 02, 2026 7:59:37 PM inpt_cde.systemmonitor.pkg_server.ServerLogger saveLogs
INFOS: Alert [id=0, severity=1, message=RAM Usage too hight, threshold=2.0, value=86.66175361386172, timesptamp=Fri Jan 02 19:45:37 WEST 2026]Alert [id=0, severity=1, message=RAM Usage too hight, threshold=2.0, value=88.27614124680825, timesptamp=Fri Jan 02 19:46:37 WEST 2026]Alert [id=0, severity=1, message=RAM Usage too hight, threshold=2.0, value=87.60378453347252, timesptamp=Fri Jan 02 19:47:37 WEST 2026]Alert [id=0, severity=1, message=RAM Usage too hight, threshold=2.0, value=88.3281879732026, timesptamp=Fri Jan 02 19:48:37 WEST 2026]Alert [id=0, severity=1, message=RAM Usage too hight, threshold=2.0, value=88.3787024597886, timesptamp=Fri Jan 02 19:49:37 WEST 2026]Alert [id=0, severity=1, message=RAM Usage too hight, threshold=2.0, value=89.73582208619887, timesptamp=Fri Jan 02 19:50:37 WEST 2026]Alert [id=0, severity=1, message=RAM Usage too hight, threshold=2.0, value=89.39872932835505, timesptamp=Fri Jan 02 19:51:37 WEST 2026]Alert [id=0, severity=3, message=CPU Usage too hight, threshold=1.0, value=39.073673706968236, timesptamp=Fri Jan 02 19:52:37 WEST 2026]Alert [id=0, severity=1, message=RAM Usage too hight, threshold=2.0, value=91.36118253325701, timesptamp=Fri Jan 02 19:52:37 WEST 2026]Alert [id=0, severity=1, message=RAM Usage too hight, threshold=2.0, value=91.02730253630172, timesptamp=Fri Jan 02 19:53:37 WEST 2026]Alert [id=0, severity=3, message=CPU Usage too hight, threshold=1.0, value=31.89109155219215, timesptamp=Fri Jan 02 19:54:37 WEST 2026]Alert [id=0, severity=1, message=RAM Usage too hight, threshold=2.0, value=92.71237090879615, timesptamp=Fri Jan 02 19:54:37 WEST 2026]Alert [id=0, severity=1, message=RAM Usage too hight, threshold=2.0, value=87.05623122388396, timesptamp=Fri Jan 02 19:59:09 WEST 2026]Alert [id=0, severity=3, message=CPU Usage too hight, threshold=1.0, value=37.88753298153034, timesptamp=Fri Jan 02 19:59:10 WEST 2026]Alert [id=0, severity=1, message=RAM Usage too hight, threshold=2.0, value=87.43360706056103, timesptamp=Fri Jan 02 19:59:10 WEST 2026]Alert [id=0, severity=1, message=RAM Usage too hight, threshold=2.0, value=87.56211749610267, timesptamp=Fri Jan 02 19:59:11 WEST 2026]Alert [id=0, severity=1, message=RAM Usage too hight, threshold=2.0, value=87.64693438356015, timesptamp=Fri Jan 02 19:59:12 WEST 2026]Alert [id=0, severity=1, message=RAM Usage too hight, threshold=2.0, value=86.64811173685808, timesptamp=Fri Jan 02 19:59:37 WEST 2026]
janv. 02, 2026 8:00:37 PM inpt_cde.systemmonitor.pkg_server.ServerLogger saveLogs
INFOS: Metrics : 
Timestamp;02/01/2026 20:00:37
CPU Usage: 4,15%
RAM Usage: 87,35%
Disk Usage:79,60%

janv. 02, 2026 8:00:37 PM inpt_cde.systemmonitor.pkg_server.ServerLogger saveLogs
INFOS: Alert [id=0, severity=1, message=RAM Usage too hight, threshold=2.0, value=86.66175361386172, timesptamp=Fri Jan 02 19:45:37 WEST 2026]Alert [id=0, severity=1, message=RAM Usage too hight, threshold=2.0, value=88.27614124680825, timesptamp=Fri Jan 02 19:46:37 WEST 2026]Alert [id=0, severity=1, message=RAM Usage too hight, threshold=2.0, value=87.60378453347252, timesptamp=Fri Jan 02 19:47:37 WEST 2026]Alert [id=0, severity=1, message=RAM Usage too hight, threshold=2.0, value=88.3281879732026, timesptamp=Fri Jan 02 19:48:37 WEST 2026]Alert [id=0, severity=1, message=RAM Usage too hight, threshold=2.0, value=88.3787024597886, timesptamp=Fri Jan 02 19:49:37 WEST 2026]Alert [id=0, severity=1, message=RAM Usage too hight, threshold=2.0, value=89.73582208619887, timesptamp=Fri Jan 02 19:50:37 WEST 2026]Alert [id=0, severity=1, message=RAM Usage too hight, threshold=2.0, value=89.39872932835505, timesptamp=Fri Jan 02 19:51:37 WEST 2026]Alert [id=0, severity=3, message=CPU Usage too hight, threshold=1.0, value=39.073673706968236, timesptamp=Fri Jan 02 19:52:37 WEST 2026]Alert [id=0, severity=1, message=RAM Usage too hight, threshold=2.0, value=91.36118253325701, timesptamp=Fri Jan 02 19:52:37 WEST 2026]Alert [id=0, severity=1, message=RAM Usage too hight, threshold=2.0, value=91.02730253630172, timesptamp=Fri Jan 02 19:53:37 WEST 2026]Alert [id=0, severity=3, message=CPU Usage too hight, threshold=1.0, value=31.89109155219215, timesptamp=Fri Jan 02 19:54:37 WEST 2026]Alert [id=0, severity=1, message=RAM Usage too hight, threshold=2.0, value=92.71237090879615, timesptamp=Fri Jan 02 19:54:37 WEST 2026]Alert [id=0, severity=1, message=RAM Usage too hight, threshold=2.0, value=87.05623122388396, timesptamp=Fri Jan 02 19:59:09 WEST 2026]Alert [id=0, severity=3, message=CPU Usage too hight, threshold=1.0, value=37.88753298153034, timesptamp=Fri Jan 02 19:59:10 WEST 2026]Alert [id=0, severity=1, message=RAM Usage too hight, threshold=2.0, value=87.43360706056103, timesptamp=Fri Jan 02 19:59:10 WEST 2026]Alert [id=0, severity=1, message=RAM Usage too hight, threshold=2.0, value=87.56211749610267, timesptamp=Fri Jan 02 19:59:11 WEST 2026]Alert [id=0, severity=1, message=RAM Usage too hight, threshold=2.0, value=87.64693438356015, timesptamp=Fri Jan 02 19:59:12 WEST 2026]Alert [id=0, severity=1, message=RAM Usage too hight, threshold=2.0, value=86.64811173685808, timesptamp=Fri Jan 02 19:59:37 WEST 2026]Alert [id=0, severity=1, message=RAM Usage too hight, threshold=2.0, value=87.34577512057739, timesptamp=Fri Jan 02 20:00:37 WEST 2026]
janv. 02, 2026 8:01:37 PM inpt_cde.systemmonitor.pkg_server.ServerLogger saveLogs
INFOS: Metrics : 
Timestamp;02/01/2026 20:01:37
CPU Usage: 3,97%
RAM Usage: 87,14%
Disk Usage:79,60%

janv. 02, 2026 8:01:37 PM inpt_cde.systemmonitor.pkg_server.ServerLogger saveLogs
INFOS: Alert [id=0, severity=1, message=RAM Usage too hight, threshold=2.0, value=86.66175361386172, timesptamp=Fri Jan 02 19:45:37 WEST 2026]Alert [id=0, severity=1, message=RAM Usage too hight, threshold=2.0, value=88.27614124680825, timesptamp=Fri Jan 02 19:46:37 WEST 2026]Alert [id=0, severity=1, message=RAM Usage too hight, threshold=2.0, value=87.60378453347252, timesptamp=Fri Jan 02 19:47:37 WEST 2026]Alert [id=0, severity=1, message=RAM Usage too hight, threshold=2.0, value=88.3281879732026, timesptamp=Fri Jan 02 19:48:37 WEST 2026]Alert [id=0, severity=1, message=RAM Usage too hight, threshold=2.0, value=88.3787024597886, timesptamp=Fri Jan 02 19:49:37 WEST 2026]Alert [id=0, severity=1, message=RAM Usage too hight, threshold=2.0, value=89.73582208619887, timesptamp=Fri Jan 02 19:50:37 WEST 2026]Alert [id=0, severity=1, message=RAM Usage too hight, threshold=2.0, value=89.39872932835505, timesptamp=Fri Jan 02 19:51:37 WEST 2026]Alert [id=0, severity=3, message=CPU Usage too hight, threshold=1.0, value=39.073673706968236, timesptamp=Fri Jan 02 19:52:37 WEST 2026]Alert [id=0, severity=1, message=RAM Usage too hight, threshold=2.0, value=91.36118253325701, timesptamp=Fri Jan 02 19:52:37 WEST 2026]Alert [id=0, severity=1, message=RAM Usage too hight, threshold=2.0, value=91.02730253630172, timesptamp=Fri Jan 02 19:53:37 WEST 2026]Alert [id=0, severity=3, message=CPU Usage too hight, threshold=1.0, value=31.89109155219215, timesptamp=Fri Jan 02 19:54:37 WEST 2026]Alert [id=0, severity=1, message=RAM Usage too hight, threshold=2.0, value=92.71237090879615, timesptamp=Fri Jan 02 19:54:37 WEST 2026]Alert [id=0, severity=1, message=RAM Usage too hight, threshold=2.0, value=87.05623122388396, timesptamp=Fri Jan 02 19:59:09 WEST 2026]Alert [id=0, severity=3, message=CPU Usage too hight, threshold=1.0, value=37.88753298153034, timesptamp=Fri Jan 02 19:59:10 WEST 2026]Alert [id=0, severity=1, message=RAM Usage too hight, threshold=2.0, value=87.43360706056103, timesptamp=Fri Jan 02 19:59:10 WEST 2026]Alert [id=0, severity=1, message=RAM Usage too hight, threshold=2.0, value=87.56211749610267, timesptamp=Fri Jan 02 19:59:11 WEST 2026]Alert [id=0, severity=1, message=RAM Usage too hight, threshold=2.0, value=87.64693438356015, timesptamp=Fri Jan 02 19:59:12 WEST 2026]Alert [id=0, severity=1, message=RAM Usage too hight, threshold=2.0, value=86.64811173685808, timesptamp=Fri Jan 02 19:59:37 WEST 2026]Alert [id=0, severity=1, message=RAM Usage too hight, threshold=2.0, value=87.34577512057739, timesptamp=Fri Jan 02 20:00:37 WEST 2026]Alert [id=0, severity=1, message=RAM Usage too hight, threshold=2.0, value=87.1392193089895, timesptamp=Fri Jan 02 20:01:37 WEST 2026]
janv. 02, 2026 8:02:37 PM inpt_cde.systemmonitor.pkg_server.ServerLogger saveLogs
INFOS: Metrics : 
Timestamp;02/01/2026 20:02:37
CPU Usage: 1,67%
RAM Usage: 83,89%
Disk Usage:79,60%

janv. 02, 2026 8:02:37 PM inpt_cde.systemmonitor.pkg_server.ServerLogger saveLogs
INFOS: Alert [id=0, severity=1, message=RAM Usage too hight, threshold=2.0, value=86.66175361386172, timesptamp=Fri Jan 02 19:45:37 WEST 2026]Alert [id=0, severity=1, message=RAM Usage too hight, threshold=2.0, value=88.27614124680825, timesptamp=Fri Jan 02 19:46:37 WEST 2026]Alert [id=0, severity=1, message=RAM Usage too hight, threshold=2.0, value=87.60378453347252, timesptamp=Fri Jan 02 19:47:37 WEST 2026]Alert [id=0, severity=1, message=RAM Usage too hight, threshold=2.0, value=88.3281879732026, timesptamp=Fri Jan 02 19:48:37 WEST 2026]Alert [id=0, severity=1, message=RAM Usage too hight, threshold=2.0, value=88.3787024597886, timesptamp=Fri Jan 02 19:49:37 WEST 2026]Alert [id=0, severity=1, message=RAM Usage too hight, threshold=2.0, value=89.73582208619887, timesptamp=Fri Jan 02 19:50:37 WEST 2026]Alert [id=0, severity=1, message=RAM Usage too hight, threshold=2.0, value=89.39872932835505, timesptamp=Fri Jan 02 19:51:37 WEST 2026]Alert [id=0, severity=3, message=CPU Usage too hight, threshold=1.0, value=39.073673706968236, timesptamp=Fri Jan 02 19:52:37 WEST 2026]Alert [id=0, severity=1, message=RAM Usage too hight, threshold=2.0, value=91.36118253325701, timesptamp=Fri Jan 02 19:52:37 WEST 2026]Alert [id=0, severity=1, message=RAM Usage too hight, threshold=2.0, value=91.02730253630172, timesptamp=Fri Jan 02 19:53:37 WEST 2026]Alert [id=0, severity=3, message=CPU Usage too hight, threshold=1.0, value=31.89109155219215, timesptamp=Fri Jan 02 19:54:37 WEST 2026]Alert [id=0, severity=1, message=RAM Usage too hight, threshold=2.0, value=92.71237090879615, timesptamp=Fri Jan 02 19:54:37 WEST 2026]Alert [id=0, severity=1, message=RAM Usage too hight, threshold=2.0, value=87.05623122388396, timesptamp=Fri Jan 02 19:59:09 WEST 2026]Alert [id=0, severity=3, message=CPU Usage too hight, threshold=1.0, value=37.88753298153034, timesptamp=Fri Jan 02 19:59:10 WEST 2026]Alert [id=0, severity=1, message=RAM Usage too hight, threshold=2.0, value=87.43360706056103, timesptamp=Fri Jan 02 19:59:10 WEST 2026]Alert [id=0, severity=1, message=RAM Usage too hight, threshold=2.0, value=87.56211749610267, timesptamp=Fri Jan 02 19:59:11 WEST 2026]Alert [id=0, severity=1, message=RAM Usage too hight, threshold=2.0, value=87.64693438356015, timesptamp=Fri Jan 02 19:59:12 WEST 2026]Alert [id=0, severity=1, message=RAM Usage too hight, threshold=2.0, value=86.64811173685808, timesptamp=Fri Jan 02 19:59:37 WEST 2026]Alert [id=0, severity=1, message=RAM Usage too hight, threshold=2.0, value=87.34577512057739, timesptamp=Fri Jan 02 20:00:37 WEST 2026]Alert [id=0, severity=1, message=RAM Usage too hight, threshold=2.0, value=87.1392193089895, timesptamp=Fri Jan 02 20:01:37 WEST 2026]Alert [id=0, severity=1, message=RAM Usage too hight, threshold=2.0, value=83.88671903961186, timesptamp=Fri Jan 02 20:02:37 WEST 2026]
janv. 02, 2026 8:03:37 PM inpt_cde.systemmonitor.pkg_server.ServerLogger saveLogs
INFOS: Metrics : 
Timestamp;02/01/2026 20:03:37
CPU Usage: 4,55%
RAM Usage: 84,76%
Disk Usage:79,60%

janv. 02, 2026 8:03:37 PM inpt_cde.systemmonitor.pkg_server.ServerLogger saveLogs
INFOS: Alert [id=0, severity=1, message=RAM Usage too hight, threshold=2.0, value=86.66175361386172, timesptamp=Fri Jan 02 19:45:37 WEST 2026]Alert [id=0, severity=1, message=RAM Usage too hight, threshold=2.0, value=88.27614124680825, timesptamp=Fri Jan 02 19:46:37 WEST 2026]Alert [id=0, severity=1, message=RAM Usage too hight, threshold=2.0, value=87.60378453347252, timesptamp=Fri Jan 02 19:47:37 WEST 2026]Alert [id=0, severity=1, message=RAM Usage too hight, threshold=2.0, value=88.3281879732026, timesptamp=Fri Jan 02 19:48:37 WEST 2026]Alert [id=0, severity=1, message=RAM Usage too hight, threshold=2.0, value=88.3787024597886, timesptamp=Fri Jan 02 19:49:37 WEST 2026]Alert [id=0, severity=1, message=RAM Usage too hight, threshold=2.0, value=89.73582208619887, timesptamp=Fri Jan 02 19:50:37 WEST 2026]Alert [id=0, severity=1, message=RAM Usage too hight, threshold=2.0, value=89.39872932835505, timesptamp=Fri Jan 02 19:51:37 WEST 2026]Alert [id=0, severity=3, message=CPU Usage too hight, threshold=1.0, value=39.073673706968236, timesptamp=Fri Jan 02 19:52:37 WEST 2026]Alert [id=0, severity=1, message=RAM Usage too hight, threshold=2.0, value=91.36118253325701, timesptamp=Fri Jan 02 19:52:37 WEST 2026]Alert [id=0, severity=1, message=RAM Usage too hight, threshold=2.0, value=91.02730253630172, timesptamp=Fri Jan 02 19:53:37 WEST 2026]Alert [id=0, severity=3, message=CPU Usage too hight, threshold=1.0, value=31.89109155219215, timesptamp=Fri Jan 02 19:54:37 WEST 2026]Alert [id=0, severity=1, message=RAM Usage too hight, threshold=2.0, value=92.71237090879615, timesptamp=Fri Jan 02 19:54:37 WEST 2026]Alert [id=0, severity=1, message=RAM Usage too hight, threshold=2.0, value=87.05623122388396, timesptamp=Fri Jan 02 19:59:09 WEST 2026]Alert [id=0, severity=3, message=CPU Usage too hight, threshold=1.0, value=37.88753298153034, timesptamp=Fri Jan 02 19:59:10 WEST 2026]Alert [id=0, severity=1, message=RAM Usage too hight, threshold=2.0, value=87.43360706056103, timesptamp=Fri Jan 02 19:59:10 WEST 2026]Alert [id=0, severity=1, message=RAM Usage too hight, threshold=2.0, value=87.56211749610267, timesptamp=Fri Jan 02 19:59:11 WEST 2026]Alert [id=0, severity=1, message=RAM Usage too hight, threshold=2.0, value=87.64693438356015, timesptamp=Fri Jan 02 19:59:12 WEST 2026]Alert [id=0, severity=1, message=RAM Usage too hight, threshold=2.0, value=86.64811173685808, timesptamp=Fri Jan 02 19:59:37 WEST 2026]Alert [id=0, severity=1, message=RAM Usage too hight, threshold=2.0, value=87.34577512057739, timesptamp=Fri Jan 02 20:00:37 WEST 2026]Alert [id=0, severity=1, message=RAM Usage too hight, threshold=2.0, value=87.1392193089895, timesptamp=Fri Jan 02 20:01:37 WEST 2026]Alert [id=0, severity=1, message=RAM Usage too hight, threshold=2.0, value=83.88671903961186, timesptamp=Fri Jan 02 20:02:37 WEST 2026]Alert [id=0, severity=1, message=RAM Usage too hight, threshold=2.0, value=84.76147968892566, timesptamp=Fri Jan 02 20:03:37 WEST 2026]
janv. 02, 2026 8:04:37 PM inpt_cde.systemmonitor.pkg_server.ServerLogger saveLogs
INFOS: Metrics : 
Timestamp;02/01/2026 20:04:37
CPU Usage: 4,80%
RAM Usage: 84,67%
Disk Usage:79,60%

janv. 02, 2026 8:04:37 PM inpt_cde.systemmonitor.pkg_server.ServerLogger saveLogs
INFOS: Alert [id=0, severity=1, message=RAM Usage too hight, threshold=2.0, value=86.66175361386172, timesptamp=Fri Jan 02 19:45:37 WEST 2026]Alert [id=0, severity=1, message=RAM Usage too hight, threshold=2.0, value=88.27614124680825, timesptamp=Fri Jan 02 19:46:37 WEST 2026]Alert [id=0, severity=1, message=RAM Usage too hight, threshold=2.0, value=87.60378453347252, timesptamp=Fri Jan 02 19:47:37 WEST 2026]Alert [id=0, severity=1, message=RAM Usage too hight, threshold=2.0, value=88.3281879732026, timesptamp=Fri Jan 02 19:48:37 WEST 2026]Alert [id=0, severity=1, message=RAM Usage too hight, threshold=2.0, value=88.3787024597886, timesptamp=Fri Jan 02 19:49:37 WEST 2026]Alert [id=0, severity=1, message=RAM Usage too hight, threshold=2.0, value=89.73582208619887, timesptamp=Fri Jan 02 19:50:37 WEST 2026]Alert [id=0, severity=1, message=RAM Usage too hight, threshold=2.0, value=89.39872932835505, timesptamp=Fri Jan 02 19:51:37 WEST 2026]Alert [id=0, severity=3, message=CPU Usage too hight, threshold=1.0, value=39.073673706968236, timesptamp=Fri Jan 02 19:52:37 WEST 2026]Alert [id=0, severity=1, message=RAM Usage too hight, threshold=2.0, value=91.36118253325701, timesptamp=Fri Jan 02 19:52:37 WEST 2026]Alert [id=0, severity=1, message=RAM Usage too hight, threshold=2.0, value=91.02730253630172, timesptamp=Fri Jan 02 19:53:37 WEST 2026]Alert [id=0, severity=3, message=CPU Usage too hight, threshold=1.0, value=31.89109155219215, timesptamp=Fri Jan 02 19:54:37 WEST 2026]Alert [id=0, severity=1, message=RAM Usage too hight, threshold=2.0, value=92.71237090879615, timesptamp=Fri Jan 02 19:54:37 WEST 2026]Alert [id=0, severity=1, message=RAM Usage too hight, threshold=2.0, value=87.05623122388396, timesptamp=Fri Jan 02 19:59:09 WEST 2026]Alert [id=0, severity=3, message=CPU Usage too hight, threshold=1.0, value=37.88753298153034, timesptamp=Fri Jan 02 19:59:10 WEST 2026]Alert [id=0, severity=1, message=RAM Usage too hight, threshold=2.0, value=87.43360706056103, timesptamp=Fri Jan 02 19:59:10 WEST 2026]Alert [id=0, severity=1, message=RAM Usage too hight, threshold=2.0, value=87.56211749610267, timesptamp=Fri Jan 02 19:59:11 WEST 2026]Alert [id=0, severity=1, message=RAM Usage too hight, threshold=2.0, value=87.64693438356015, timesptamp=Fri Jan 02 19:59:12 WEST 2026]Alert [id=0, severity=1, message=RAM Usage too hight, threshold=2.0, value=86.64811173685808, timesptamp=Fri Jan 02 19:59:37 WEST 2026]Alert [id=0, severity=1, message=RAM Usage too hight, threshold=2.0, value=87.34577512057739, timesptamp=Fri Jan 02 20:00:37 WEST 2026]Alert [id=0, severity=1, message=RAM Usage too hight, threshold=2.0, value=87.1392193089895, timesptamp=Fri Jan 02 20:01:37 WEST 2026]Alert [id=0, severity=1, message=RAM Usage too hight, threshold=2.0, value=83.88671903961186, timesptamp=Fri Jan 02 20:02:37 WEST 2026]Alert [id=0, severity=1, message=RAM Usage too hight, threshold=2.0, value=84.76147968892566, timesptamp=Fri Jan 02 20:03:37 WEST 2026]Alert [id=0, severity=1, message=RAM Usage too hight, threshold=2.0, value=84.6744385823915, timesptamp=Fri Jan 02 20:04:37 WEST 2026]
janv. 02, 2026 8:05:37 PM inpt_cde.systemmonitor.pkg_server.ServerLogger saveLogs
INFOS: Metrics : 
Timestamp;02/01/2026 20:05:37
CPU Usage: 15,74%
RAM Usage: 85,34%
Disk Usage:79,60%

janv. 02, 2026 8:05:37 PM inpt_cde.systemmonitor.pkg_server.ServerLogger saveLogs
INFOS: Alert [id=0, severity=1, message=RAM Usage too hight, threshold=2.0, value=86.66175361386172, timesptamp=Fri Jan 02 19:45:37 WEST 2026]Alert [id=0, severity=1, message=RAM Usage too hight, threshold=2.0, value=88.27614124680825, timesptamp=Fri Jan 02 19:46:37 WEST 2026]Alert [id=0, severity=1, message=RAM Usage too hight, threshold=2.0, value=87.60378453347252, timesptamp=Fri Jan 02 19:47:37 WEST 2026]Alert [id=0, severity=1, message=RAM Usage too hight, threshold=2.0, value=88.3281879732026, timesptamp=Fri Jan 02 19:48:37 WEST 2026]Alert [id=0, severity=1, message=RAM Usage too hight, threshold=2.0, value=88.3787024597886, timesptamp=Fri Jan 02 19:49:37 WEST 2026]Alert [id=0, severity=1, message=RAM Usage too hight, threshold=2.0, value=89.73582208619887, timesptamp=Fri Jan 02 19:50:37 WEST 2026]Alert [id=0, severity=1, message=RAM Usage too hight, threshold=2.0, value=89.39872932835505, timesptamp=Fri Jan 02 19:51:37 WEST 2026]Alert [id=0, severity=3, message=CPU Usage too hight, threshold=1.0, value=39.073673706968236, timesptamp=Fri Jan 02 19:52:37 WEST 2026]Alert [id=0, severity=1, message=RAM Usage too hight, threshold=2.0, value=91.36118253325701, timesptamp=Fri Jan 02 19:52:37 WEST 2026]Alert [id=0, severity=1, message=RAM Usage too hight, threshold=2.0, value=91.02730253630172, timesptamp=Fri Jan 02 19:53:37 WEST 2026]Alert [id=0, severity=3, message=CPU Usage too hight, threshold=1.0, value=31.89109155219215, timesptamp=Fri Jan 02 19:54:37 WEST 2026]Alert [id=0, severity=1, message=RAM Usage too hight, threshold=2.0, value=92.71237090879615, timesptamp=Fri Jan 02 19:54:37 WEST 2026]Alert [id=0, severity=1, message=RAM Usage too hight, threshold=2.0, value=87.05623122388396, timesptamp=Fri Jan 02 19:59:09 WEST 2026]Alert [id=0, severity=3, message=CPU Usage too hight, threshold=1.0, value=37.88753298153034, timesptamp=Fri Jan 02 19:59:10 WEST 2026]Alert [id=0, severity=1, message=RAM Usage too hight, threshold=2.0, value=87.43360706056103, timesptamp=Fri Jan 02 19:59:10 WEST 2026]Alert [id=0, severity=1, message=RAM Usage too hight, threshold=2.0, value=87.56211749610267, timesptamp=Fri Jan 02 19:59:11 WEST 2026]Alert [id=0, severity=1, message=RAM Usage too hight, threshold=2.0, value=87.64693438356015, timesptamp=Fri Jan 02 19:59:12 WEST 2026]Alert [id=0, severity=1, message=RAM Usage too hight, threshold=2.0, value=86.64811173685808, timesptamp=Fri Jan 02 19:59:37 WEST 2026]Alert [id=0, severity=1, message=RAM Usage too hight, threshold=2.0, value=87.34577512057739, timesptamp=Fri Jan 02 20:00:37 WEST 2026]Alert [id=0, severity=1, message=RAM Usage too hight, threshold=2.0, value=87.1392193089895, timesptamp=Fri Jan 02 20:01:37 WEST 2026]Alert [id=0, severity=1, message=RAM Usage too hight, threshold=2.0, value=83.88671903961186, timesptamp=Fri Jan 02 20:02:37 WEST 2026]Alert [id=0, severity=1, message=RAM Usage too hight, threshold=2.0, value=84.76147968892566, timesptamp=Fri Jan 02 20:03:37 WEST 2026]Alert [id=0, severity=1, message=RAM Usage too hight, threshold=2.0, value=84.6744385823915, timesptamp=Fri Jan 02 20:04:37 WEST 2026]Alert [id=0, severity=1, message=RAM Usage too hight, threshold=2.0, value=85.34046862813133, timesptamp=Fri Jan 02 20:05:37 WEST 2026]
janv. 02, 2026 8:06:37 PM inpt_cde.systemmonitor.pkg_server.ServerLogger saveLogs
INFOS: Metrics : 
Timestamp;02/01/2026 20:06:37
CPU Usage: 20,88%
RAM Usage: 89,06%
Disk Usage:79,61%

janv. 02, 2026 8:06:37 PM inpt_cde.systemmonitor.pkg_server.ServerLogger saveLogs
INFOS: Alert [id=0, severity=1, message=RAM Usage too hight, threshold=2.0, value=86.66175361386172, timesptamp=Fri Jan 02 19:45:37 WEST 2026]Alert [id=0, severity=1, message=RAM Usage too hight, threshold=2.0, value=88.27614124680825, timesptamp=Fri Jan 02 19:46:37 WEST 2026]Alert [id=0, severity=1, message=RAM Usage too hight, threshold=2.0, value=87.60378453347252, timesptamp=Fri Jan 02 19:47:37 WEST 2026]Alert [id=0, severity=1, message=RAM Usage too hight, threshold=2.0, value=88.3281879732026, timesptamp=Fri Jan 02 19:48:37 WEST 2026]Alert [id=0, severity=1, message=RAM Usage too hight, threshold=2.0, value=88.3787024597886, timesptamp=Fri Jan 02 19:49:37 WEST 2026]Alert [id=0, severity=1, message=RAM Usage too hight, threshold=2.0, value=89.73582208619887, timesptamp=Fri Jan 02 19:50:37 WEST 2026]Alert [id=0, severity=1, message=RAM Usage too hight, threshold=2.0, value=89.39872932835505, timesptamp=Fri Jan 02 19:51:37 WEST 2026]Alert [id=0, severity=3, message=CPU Usage too hight, threshold=1.0, value=39.073673706968236, timesptamp=Fri Jan 02 19:52:37 WEST 2026]Alert [id=0, severity=1, message=RAM Usage too hight, threshold=2.0, value=91.36118253325701, timesptamp=Fri Jan 02 19:52:37 WEST 2026]Alert [id=0, severity=1, message=RAM Usage too hight, threshold=2.0, value=91.02730253630172, timesptamp=Fri Jan 02 19:53:37 WEST 2026]Alert [id=0, severity=3, message=CPU Usage too hight, threshold=1.0, value=31.89109155219215, timesptamp=Fri Jan 02 19:54:37 WEST 2026]Alert [id=0, severity=1, message=RAM Usage too hight, threshold=2.0, value=92.71237090879615, timesptamp=Fri Jan 02 19:54:37 WEST 2026]Alert [id=0, severity=1, message=RAM Usage too hight, threshold=2.0, value=87.05623122388396, timesptamp=Fri Jan 02 19:59:09 WEST 2026]Alert [id=0, severity=3, message=CPU Usage too hight, threshold=1.0, value=37.88753298153034, timesptamp=Fri Jan 02 19:59:10 WEST 2026]Alert [id=0, severity=1, message=RAM Usage too hight, threshold=2.0, value=87.43360706056103, timesptamp=Fri Jan 02 19:59:10 WEST 2026]Alert [id=0, severity=1, message=RAM Usage too hight, threshold=2.0, value=87.56211749610267, timesptamp=Fri Jan 02 19:59:11 WEST 2026]Alert [id=0, severity=1, message=RAM Usage too hight, threshold=2.0, value=87.64693438356015, timesptamp=Fri Jan 02 19:59:12 WEST 2026]Alert [id=0, severity=1, message=RAM Usage too hight, threshold=2.0, value=86.64811173685808, timesptamp=Fri Jan 02 19:59:37 WEST 2026]Alert [id=0, severity=1, message=RAM Usage too hight, threshold=2.0, value=87.34577512057739, timesptamp=Fri Jan 02 20:00:37 WEST 2026]Alert [id=0, severity=1, message=RAM Usage too hight, threshold=2.0, value=87.1392193089895, timesptamp=Fri Jan 02 20:01:37 WEST 2026]Alert [id=0, severity=1, message=RAM Usage too hight, threshold=2.0, value=83.88671903961186, timesptamp=Fri Jan 02 20:02:37 WEST 2026]Alert [id=0, severity=1, message=RAM Usage too hight, threshold=2.0, value=84.76147968892566, timesptamp=Fri Jan 02 20:03:37 WEST 2026]Alert [id=0, severity=1, message=RAM Usage too hight, threshold=2.0, value=84.6744385823915, timesptamp=Fri Jan 02 20:04:37 WEST 2026]Alert [id=0, severity=1, message=RAM Usage too hight, threshold=2.0, value=85.34046862813133, timesptamp=Fri Jan 02 20:05:37 WEST 2026]Alert [id=0, severity=1, message=RAM Usage too hight, threshold=2.0, value=89.05901693470977, timesptamp=Fri Jan 02 20:06:37 WEST 2026]
